
*** Running vivado
    with args -log subtractor.vds -m64 -mode batch -messageDb vivado.pb -notrace -source subtractor.tcl


****** Vivado v2016.2 (64-bit)
  **** SW Build 1577090 on Thu Jun  2 16:32:40 MDT 2016
  **** IP Build 1577682 on Fri Jun  3 12:00:54 MDT 2016
    ** Copyright 1986-2016 Xilinx, Inc. All Rights Reserved.

source subtractor.tcl -notrace
Command: synth_design -top subtractor -part xc7a35tcpg236-1
Starting synth_design
Attempting to get a license for feature 'Synthesis' and/or device 'xc7a35t'
INFO: [Common 17-349] Got license for feature 'Synthesis' and/or device 'xc7a35t'
INFO: Launching helper process for spawning children vivado processes
INFO: Helper process launched with PID 11532 
WARNING: [Synth 8-2611] redeclaration of ansi port S is not allowed [C:/Users/yanhan/Vivado_lab/onebitadder/onebitadder.srcs/sources_1/new/twos_complement.v:32]
---------------------------------------------------------------------------------
Starting RTL Elaboration : Time (s): cpu = 00:00:09 ; elapsed = 00:00:11 . Memory (MB): peak = 283.543 ; gain = 76.281
---------------------------------------------------------------------------------
INFO: [Synth 8-638] synthesizing module 'subtractor' [C:/Users/yanhan/Vivado_lab/onebitadder/onebitadder.srcs/sources_1/new/subtractor.v:23]
INFO: [Synth 8-638] synthesizing module 'twos_complement' [C:/Users/yanhan/Vivado_lab/onebitadder/onebitadder.srcs/sources_1/new/twos_complement.v:23]
INFO: [Synth 8-638] synthesizing module 'inverter' [C:/Users/yanhan/Vivado_lab/onebitadder/onebitadder.srcs/sources_1/new/inverter.v:23]
INFO: [Synth 8-256] done synthesizing module 'inverter' (1#1) [C:/Users/yanhan/Vivado_lab/onebitadder/onebitadder.srcs/sources_1/new/inverter.v:23]
INFO: [Synth 8-638] synthesizing module 'fourbitadder' [C:/Users/yanhan/Vivado_lab/onebitadder/onebitadder.srcs/sources_1/new/fourbitadder.v:23]
INFO: [Synth 8-638] synthesizing module 'onebitadder' [C:/Users/yanhan/Vivado_lab/onebitadder/onebitadder.srcs/sources_1/new/onebitadder.v:23]
INFO: [Synth 8-256] done synthesizing module 'onebitadder' (2#1) [C:/Users/yanhan/Vivado_lab/onebitadder/onebitadder.srcs/sources_1/new/onebitadder.v:23]
INFO: [Synth 8-256] done synthesizing module 'fourbitadder' (3#1) [C:/Users/yanhan/Vivado_lab/onebitadder/onebitadder.srcs/sources_1/new/fourbitadder.v:23]
INFO: [Synth 8-256] done synthesizing module 'twos_complement' (4#1) [C:/Users/yanhan/Vivado_lab/onebitadder/onebitadder.srcs/sources_1/new/twos_complement.v:23]
WARNING: [Synth 8-350] instance 'fa0' of module 'twos_complement' requires 4 connections, but only 3 given [C:/Users/yanhan/Vivado_lab/onebitadder/onebitadder.srcs/sources_1/new/subtractor.v:38]
INFO: [Synth 8-638] synthesizing module 'two_to_one_multiplexer' [C:/Users/yanhan/Vivado_lab/onebitadder/onebitadder.srcs/sources_1/new/two_to_one_multiplexer.v:23]
INFO: [Synth 8-256] done synthesizing module 'two_to_one_multiplexer' (5#1) [C:/Users/yanhan/Vivado_lab/onebitadder/onebitadder.srcs/sources_1/new/two_to_one_multiplexer.v:23]
WARNING: [Synth 8-3848] Net CIN in module/entity subtractor does not have driver. [C:/Users/yanhan/Vivado_lab/onebitadder/onebitadder.srcs/sources_1/new/subtractor.v:38]
INFO: [Synth 8-256] done synthesizing module 'subtractor' (6#1) [C:/Users/yanhan/Vivado_lab/onebitadder/onebitadder.srcs/sources_1/new/subtractor.v:23]
---------------------------------------------------------------------------------
Finished RTL Elaboration : Time (s): cpu = 00:00:10 ; elapsed = 00:00:13 . Memory (MB): peak = 301.359 ; gain = 94.098
---------------------------------------------------------------------------------

Report Check Netlist: 
+------+------------------+-------+---------+-------+------------------+
|      |Item              |Errors |Warnings |Status |Description       |
+------+------------------+-------+---------+-------+------------------+
|1     |multi_driven_nets |      0|        0|Passed |Multi driven nets |
+------+------------------+-------+---------+-------+------------------+
WARNING: [Synth 8-3295] tying undriven pin fa0:CIN to constant 0 [C:/Users/yanhan/Vivado_lab/onebitadder/onebitadder.srcs/sources_1/new/subtractor.v:38]
WARNING: [Synth 8-3295] tying undriven pin fa2:C0 to constant 0 [C:/Users/yanhan/Vivado_lab/onebitadder/onebitadder.srcs/sources_1/new/subtractor.v:40]
---------------------------------------------------------------------------------
Finished RTL Optimization Phase 1 : Time (s): cpu = 00:00:10 ; elapsed = 00:00:13 . Memory (MB): peak = 301.359 ; gain = 94.098
---------------------------------------------------------------------------------
INFO: [Device 21-403] Loading part xc7a35tcpg236-1
INFO: [Project 1-570] Preparing netlist for logic optimization

Processing XDC Constraints
Initializing timing engine
Parsing XDC File [C:/Users/yanhan/Vivado_lab/onebitadder/onebitadder.srcs/constrs_1/imports/Vivado_lab/Basys3_Master.xdc]
Finished Parsing XDC File [C:/Users/yanhan/Vivado_lab/onebitadder/onebitadder.srcs/constrs_1/imports/Vivado_lab/Basys3_Master.xdc]
INFO: [Project 1-236] Implementation specific constraints were found while reading constraint file [C:/Users/yanhan/Vivado_lab/onebitadder/onebitadder.srcs/constrs_1/imports/Vivado_lab/Basys3_Master.xdc]. These constraints will be ignored for synthesis but will be used in implementation. Impacted constraints are listed in the file [.Xil/subtractor_propImpl.xdc].
Resolution: To avoid this warning, move constraints listed in [.Xil/subtractor_propImpl.xdc] to another XDC file and exclude this new file from synthesis with the used_in_synthesis property (File Properties dialog in GUI) and re-run elaboration/synthesis.
Completed Processing XDC Constraints

INFO: [Project 1-111] Unisim Transformation Summary:
No Unisim elements were transformed.

Constraint Validation Runtime : Time (s): cpu = 00:00:00 ; elapsed = 00:00:00.007 . Memory (MB): peak = 585.945 ; gain = 0.000
---------------------------------------------------------------------------------
Finished Constraint Validation : Time (s): cpu = 00:00:24 ; elapsed = 00:00:27 . Memory (MB): peak = 585.945 ; gain = 378.684
---------------------------------------------------------------------------------
---------------------------------------------------------------------------------
Start Loading Part and Timing Information
---------------------------------------------------------------------------------
Loading part: xc7a35tcpg236-1
---------------------------------------------------------------------------------
Finished Loading Part and Timing Information : Time (s): cpu = 00:00:24 ; elapsed = 00:00:27 . Memory (MB): peak = 585.945 ; gain = 378.684
---------------------------------------------------------------------------------
---------------------------------------------------------------------------------
Start Applying 'set_property' XDC Constraints
---------------------------------------------------------------------------------
---------------------------------------------------------------------------------
Finished applying 'set_property' XDC Constraints : Time (s): cpu = 00:00:24 ; elapsed = 00:00:27 . Memory (MB): peak = 585.945 ; gain = 378.684
---------------------------------------------------------------------------------
---------------------------------------------------------------------------------
Finished RTL Optimization Phase 2 : Time (s): cpu = 00:00:24 ; elapsed = 00:00:28 . Memory (MB): peak = 585.945 ; gain = 378.684
---------------------------------------------------------------------------------

Report RTL Partitions: 
+-+--------------+------------+----------+
| |RTL Partition |Replication |Instances |
+-+--------------+------------+----------+
+-+--------------+------------+----------+
---------------------------------------------------------------------------------
Start RTL Component Statistics 
---------------------------------------------------------------------------------
Detailed RTL Component Info : 
+---XORs : 
	   2 Input      1 Bit         XORs := 16    
+---Muxes : 
	   2 Input      4 Bit        Muxes := 1     
---------------------------------------------------------------------------------
Finished RTL Component Statistics 
---------------------------------------------------------------------------------
---------------------------------------------------------------------------------
Start RTL Hierarchical Component Statistics 
---------------------------------------------------------------------------------
Hierarchical RTL Component report 
Module onebitadder 
Detailed RTL Component Info : 
+---XORs : 
	   2 Input      1 Bit         XORs := 2     
Module two_to_one_multiplexer 
Detailed RTL Component Info : 
+---Muxes : 
	   2 Input      4 Bit        Muxes := 1     
---------------------------------------------------------------------------------
Finished RTL Hierarchical Component Statistics
---------------------------------------------------------------------------------
---------------------------------------------------------------------------------
Start Part Resource Summary
---------------------------------------------------------------------------------
Part Resources:
DSPs: 90 (col length:60)
BRAMs: 100 (col length: RAMB18 60 RAMB36 30)
---------------------------------------------------------------------------------
Finished Part Resource Summary
---------------------------------------------------------------------------------
Start Parallel Synthesis Optimization  : Time (s): cpu = 00:00:24 ; elapsed = 00:00:28 . Memory (MB): peak = 585.945 ; gain = 378.684
---------------------------------------------------------------------------------
Start Cross Boundary Optimization
---------------------------------------------------------------------------------
---------------------------------------------------------------------------------
Finished Cross Boundary Optimization : Time (s): cpu = 00:00:24 ; elapsed = 00:00:28 . Memory (MB): peak = 585.945 ; gain = 378.684
---------------------------------------------------------------------------------
Finished Parallel Reinference  : Time (s): cpu = 00:00:24 ; elapsed = 00:00:28 . Memory (MB): peak = 585.945 ; gain = 378.684

Report RTL Partitions: 
+-+--------------+------------+----------+
| |RTL Partition |Replication |Instances |
+-+--------------+------------+----------+
+-+--------------+------------+----------+
---------------------------------------------------------------------------------
Start Area Optimization
---------------------------------------------------------------------------------
---------------------------------------------------------------------------------
Finished Area Optimization : Time (s): cpu = 00:00:25 ; elapsed = 00:00:28 . Memory (MB): peak = 585.945 ; gain = 378.684
---------------------------------------------------------------------------------
Finished Parallel Area Optimization  : Time (s): cpu = 00:00:25 ; elapsed = 00:00:28 . Memory (MB): peak = 585.945 ; gain = 378.684

Report RTL Partitions: 
+-+--------------+------------+----------+
| |RTL Partition |Replication |Instances |
+-+--------------+------------+----------+
+-+--------------+------------+----------+
---------------------------------------------------------------------------------
Start Timing Optimization
---------------------------------------------------------------------------------
---------------------------------------------------------------------------------
Start Applying XDC Timing Constraints
---------------------------------------------------------------------------------
---------------------------------------------------------------------------------
Finished Applying XDC Timing Constraints : Time (s): cpu = 00:00:42 ; elapsed = 00:00:46 . Memory (MB): peak = 585.945 ; gain = 378.684
---------------------------------------------------------------------------------
---------------------------------------------------------------------------------
Finished Timing Optimization : Time (s): cpu = 00:00:42 ; elapsed = 00:00:46 . Memory (MB): peak = 585.945 ; gain = 378.684
---------------------------------------------------------------------------------

Report RTL Partitions: 
+-+--------------+------------+----------+
| |RTL Partition |Replication |Instances |
+-+--------------+------------+----------+
+-+--------------+------------+----------+
---------------------------------------------------------------------------------
Start Technology Mapping
---------------------------------------------------------------------------------
---------------------------------------------------------------------------------
Finished Technology Mapping : Time (s): cpu = 00:00:42 ; elapsed = 00:00:46 . Memory (MB): peak = 585.945 ; gain = 378.684
---------------------------------------------------------------------------------
Finished Parallel Technology Mapping Optimization  : Time (s): cpu = 00:00:42 ; elapsed = 00:00:46 . Memory (MB): peak = 585.945 ; gain = 378.684

Report RTL Partitions: 
+-+--------------+------------+----------+
| |RTL Partition |Replication |Instances |
+-+--------------+------------+----------+
+-+--------------+------------+----------+
Finished Parallel Synthesis Optimization  : Time (s): cpu = 00:00:42 ; elapsed = 00:00:46 . Memory (MB): peak = 585.945 ; gain = 378.684
---------------------------------------------------------------------------------
Start IO Insertion
---------------------------------------------------------------------------------
---------------------------------------------------------------------------------
Start Flattening Before IO Insertion
---------------------------------------------------------------------------------
---------------------------------------------------------------------------------
Finished Flattening Before IO Insertion
---------------------------------------------------------------------------------
---------------------------------------------------------------------------------
Start Final Netlist Cleanup
---------------------------------------------------------------------------------
---------------------------------------------------------------------------------
Finished Final Netlist Cleanup
---------------------------------------------------------------------------------
---------------------------------------------------------------------------------
Finished IO Insertion : Time (s): cpu = 00:00:44 ; elapsed = 00:00:47 . Memory (MB): peak = 585.945 ; gain = 378.684
---------------------------------------------------------------------------------

Report Check Netlist: 
+------+------------------+-------+---------+-------+------------------+
|      |Item              |Errors |Warnings |Status |Description       |
+------+------------------+-------+---------+-------+------------------+
|1     |multi_driven_nets |      0|        0|Passed |Multi driven nets |
+------+------------------+-------+---------+-------+------------------+
---------------------------------------------------------------------------------
Start Renaming Generated Instances
---------------------------------------------------------------------------------
---------------------------------------------------------------------------------
Finished Renaming Generated Instances : Time (s): cpu = 00:00:44 ; elapsed = 00:00:48 . Memory (MB): peak = 585.945 ; gain = 378.684
---------------------------------------------------------------------------------

Report RTL Partitions: 
+-+--------------+------------+----------+
| |RTL Partition |Replication |Instances |
+-+--------------+------------+----------+
+-+--------------+------------+----------+
---------------------------------------------------------------------------------
Start Rebuilding User Hierarchy
---------------------------------------------------------------------------------
---------------------------------------------------------------------------------
Finished Rebuilding User Hierarchy : Time (s): cpu = 00:00:44 ; elapsed = 00:00:48 . Memory (MB): peak = 585.945 ; gain = 378.684
---------------------------------------------------------------------------------
---------------------------------------------------------------------------------
Start Renaming Generated Ports
---------------------------------------------------------------------------------
---------------------------------------------------------------------------------
Finished Renaming Generated Ports : Time (s): cpu = 00:00:44 ; elapsed = 00:00:48 . Memory (MB): peak = 585.945 ; gain = 378.684
---------------------------------------------------------------------------------
---------------------------------------------------------------------------------
Start Handling Custom Attributes
---------------------------------------------------------------------------------
---------------------------------------------------------------------------------
Finished Handling Custom Attributes : Time (s): cpu = 00:00:44 ; elapsed = 00:00:48 . Memory (MB): peak = 585.945 ; gain = 378.684
---------------------------------------------------------------------------------
---------------------------------------------------------------------------------
Start Renaming Generated Nets
---------------------------------------------------------------------------------
---------------------------------------------------------------------------------
Finished Renaming Generated Nets : Time (s): cpu = 00:00:44 ; elapsed = 00:00:48 . Memory (MB): peak = 585.945 ; gain = 378.684
---------------------------------------------------------------------------------
---------------------------------------------------------------------------------
Start Writing Synthesis Report
---------------------------------------------------------------------------------

Report BlackBoxes: 
+-+--------------+----------+
| |BlackBox name |Instances |
+-+--------------+----------+
+-+--------------+----------+

Report Cell Usage: 
+------+-----+------+
|      |Cell |Count |
+------+-----+------+
|1     |LUT2 |     1|
|2     |LUT4 |     2|
|3     |LUT5 |     4|
|4     |LUT6 |     2|
|5     |IBUF |     9|
|6     |OBUF |     6|
+------+-----+------+

Report Instance Areas: 
+------+---------+-------+------+
|      |Instance |Module |Cells |
+------+---------+-------+------+
|1     |top      |       |    24|
+------+---------+-------+------+
---------------------------------------------------------------------------------
Finished Writing Synthesis Report : Time (s): cpu = 00:00:44 ; elapsed = 00:00:48 . Memory (MB): peak = 585.945 ; gain = 378.684
---------------------------------------------------------------------------------
Synthesis finished with 0 errors, 0 critical warnings and 0 warnings.
Synthesis Optimization Runtime : Time (s): cpu = 00:00:25 ; elapsed = 00:00:33 . Memory (MB): peak = 585.945 ; gain = 94.098
Synthesis Optimization Complete : Time (s): cpu = 00:00:44 ; elapsed = 00:00:48 . Memory (MB): peak = 585.945 ; gain = 378.684
INFO: [Project 1-571] Translating synthesized netlist
INFO: [Netlist 29-17] Analyzing 9 Unisim elements for replacement
INFO: [Netlist 29-28] Unisim Transformation completed in 0 CPU seconds
INFO: [Project 1-570] Preparing netlist for logic optimization
INFO: [Opt 31-138] Pushed 0 inverter(s) to 0 load pin(s).
INFO: [Project 1-111] Unisim Transformation Summary:
No Unisim elements were transformed.

INFO: [Common 17-83] Releasing license: Synthesis
24 Infos, 5 Warnings, 0 Critical Warnings and 0 Errors encountered.
synth_design completed successfully
synth_design: Time (s): cpu = 00:00:43 ; elapsed = 00:00:44 . Memory (MB): peak = 585.945 ; gain = 378.684
report_utilization: Time (s): cpu = 00:00:00 ; elapsed = 00:00:00.037 . Memory (MB): peak = 585.945 ; gain = 0.000
INFO: [Common 17-206] Exiting Vivado at Sun Feb 11 18:25:46 2018...
